<?xml version="1.0" encoding="UTF-8"?>
<testsuite name="com.jojoldu.book.springboot.web.IndexControllerTest" tests="1" skipped="0" failures="0" errors="0" timestamp="2021-09-06T14:27:19" hostname="DESKTOP-1JRQIFB" time="0.226">
  <properties/>
  <testcase name="메인페이지_로딩" classname="com.jojoldu.book.springboot.web.IndexControllerTest" time="0.226"/>
  <system-out><![CDATA[2021-09-06 23:27:16.922  INFO 4148 --- [    Test worker] .b.t.c.SpringBootTestContextBootstrapper : Neither @ContextConfiguration nor @ContextHierarchy found for test class [com.jojoldu.book.springboot.web.IndexControllerTest], using SpringBootContextLoader
2021-09-06 23:27:16.922  INFO 4148 --- [    Test worker] o.s.t.c.support.AbstractContextLoader    : Could not detect default resource locations for test class [com.jojoldu.book.springboot.web.IndexControllerTest]: no resource found for suffixes {-context.xml, Context.groovy}.
2021-09-06 23:27:16.922  INFO 4148 --- [    Test worker] t.c.s.AnnotationConfigContextLoaderUtils : Could not detect default configuration classes for test class [com.jojoldu.book.springboot.web.IndexControllerTest]: IndexControllerTest does not declare any static, non-private, non-final, nested classes annotated with @Configuration.
2021-09-06 23:27:16.932  INFO 4148 --- [    Test worker] .b.t.c.SpringBootTestContextBootstrapper : Found @SpringBootConfiguration com.jojoldu.book.springboot.Application for test class com.jojoldu.book.springboot.web.IndexControllerTest
2021-09-06 23:27:16.934  INFO 4148 --- [    Test worker] .b.t.c.SpringBootTestContextBootstrapper : Loaded default TestExecutionListener class names from location [META-INF/spring.factories]: [org.springframework.security.test.context.support.WithSecurityContextTestExecutionListener, org.springframework.security.test.context.support.ReactorContextTestExecutionListener, org.springframework.boot.test.autoconfigure.restdocs.RestDocsTestExecutionListener, org.springframework.boot.test.autoconfigure.web.client.MockRestServiceServerResetTestExecutionListener, org.springframework.boot.test.autoconfigure.web.servlet.MockMvcPrintOnlyOnFailureTestExecutionListener, org.springframework.boot.test.autoconfigure.web.servlet.WebDriverTestExecutionListener, org.springframework.boot.test.mock.mockito.MockitoTestExecutionListener, org.springframework.boot.test.mock.mockito.ResetMocksTestExecutionListener, org.springframework.test.context.web.ServletTestExecutionListener, org.springframework.test.context.support.DirtiesContextBeforeModesTestExecutionListener, org.springframework.test.context.support.DependencyInjectionTestExecutionListener, org.springframework.test.context.support.DirtiesContextTestExecutionListener, org.springframework.test.context.transaction.TransactionalTestExecutionListener, org.springframework.test.context.jdbc.SqlScriptsTestExecutionListener]
2021-09-06 23:27:16.934  INFO 4148 --- [    Test worker] .b.t.c.SpringBootTestContextBootstrapper : Using TestExecutionListeners: [org.springframework.test.context.web.ServletTestExecutionListener@56402313, org.springframework.test.context.support.DirtiesContextBeforeModesTestExecutionListener@76739db9, org.springframework.boot.test.mock.mockito.MockitoTestExecutionListener@e0e9485, org.springframework.boot.test.autoconfigure.SpringBootDependencyInjectionTestExecutionListener@24335835, org.springframework.test.context.support.DirtiesContextTestExecutionListener@73bcaf1b, org.springframework.test.context.transaction.TransactionalTestExecutionListener@19486a80, org.springframework.test.context.jdbc.SqlScriptsTestExecutionListener@63987f90, org.springframework.security.test.context.support.WithSecurityContextTestExecutionListener@5d547126, org.springframework.security.test.context.support.ReactorContextTestExecutionListener@4b06c9e0, org.springframework.boot.test.autoconfigure.restdocs.RestDocsTestExecutionListener@1140a66a, org.springframework.boot.test.autoconfigure.web.client.MockRestServiceServerResetTestExecutionListener@31842f2d, org.springframework.boot.test.autoconfigure.web.servlet.MockMvcPrintOnlyOnFailureTestExecutionListener@4fa7b57a, org.springframework.boot.test.autoconfigure.web.servlet.WebDriverTestExecutionListener@32132ca7, org.springframework.boot.test.mock.mockito.ResetMocksTestExecutionListener@26f4af79]

  .   ____          _            __ _ _
 /\\ / ___'_ __ _ _(_)_ __  __ _ \ \ \ \
( ( )\___ | '_ | '_| | '_ \/ _` | \ \ \ \
 \\/  ___)| |_)| | | | | || (_| |  ) ) ) )
  '  |____| .__|_| |_|_| |_\__, | / / / /
 =========|_|==============|___/=/_/_/_/
 :: Spring Boot ::        (v2.1.7.RELEASE)

2021-09-06 23:27:17.004  INFO 4148 --- [    Test worker] c.j.b.s.web.IndexControllerTest          : Starting IndexControllerTest on DESKTOP-1JRQIFB with PID 4148 (started by yoonk in C:\Users\yoonk\IdeaProjects\freelec-springboot2-webservice)
2021-09-06 23:27:17.004  INFO 4148 --- [    Test worker] c.j.b.s.web.IndexControllerTest          : The following profiles are active: oauth
2021-09-06 23:27:17.309  INFO 4148 --- [    Test worker] .s.d.r.c.RepositoryConfigurationDelegate : Bootstrapping Spring Data repositories in DEFAULT mode.
2021-09-06 23:27:17.339  INFO 4148 --- [    Test worker] .s.d.r.c.RepositoryConfigurationDelegate : Finished Spring Data repository scanning in 30ms. Found 2 repository interfaces.
2021-09-06 23:27:17.471  INFO 4148 --- [    Test worker] trationDelegate$BeanPostProcessorChecker : Bean 'org.springframework.transaction.annotation.ProxyTransactionManagementConfiguration' of type [org.springframework.transaction.annotation.ProxyTransactionManagementConfiguration$$EnhancerBySpringCGLIB$$d7d69103] is not eligible for getting processed by all BeanPostProcessors (for example: not eligible for auto-proxying)
2021-09-06 23:27:17.804  INFO 4148 --- [    Test worker] o.s.b.w.embedded.tomcat.TomcatWebServer  : Tomcat initialized with port(s): 0 (http)
2021-09-06 23:27:17.842  INFO 4148 --- [    Test worker] o.apache.catalina.core.StandardService   : Starting service [Tomcat]
2021-09-06 23:27:17.842  INFO 4148 --- [    Test worker] org.apache.catalina.core.StandardEngine  : Starting Servlet engine: [Apache Tomcat/9.0.22]
2021-09-06 23:27:18.049  INFO 4148 --- [    Test worker] o.a.c.c.C.[Tomcat].[localhost].[/]       : Initializing Spring embedded WebApplicationContext
2021-09-06 23:27:18.049  INFO 4148 --- [    Test worker] o.s.web.context.ContextLoader            : Root WebApplicationContext: initialization completed in 1041 ms
2021-09-06 23:27:18.275  INFO 4148 --- [    Test worker] com.zaxxer.hikari.HikariDataSource       : HikariPool-2 - Starting...
2021-09-06 23:27:18.275  INFO 4148 --- [    Test worker] com.zaxxer.hikari.HikariDataSource       : HikariPool-2 - Start completed.
2021-09-06 23:27:18.325  INFO 4148 --- [    Test worker] o.hibernate.jpa.internal.util.LogHelper  : HHH000204: Processing PersistenceUnitInfo [
	name: default
	...]
2021-09-06 23:27:18.341  INFO 4148 --- [    Test worker] org.hibernate.dialect.Dialect            : HHH000400: Using dialect: org.hibernate.dialect.MySQL5InnoDBDialect
Hibernate: drop table if exists posts
Hibernate: drop table if exists user
Hibernate: create table posts (id bigint not null auto_increment, created_date datetime, modified_date datetime, author varchar(255), content TEXT not null, title varchar(500) not null, primary key (id)) engine=InnoDB
Hibernate: create table user (id bigint not null auto_increment, created_date datetime, modified_date datetime, email varchar(255) not null, name varchar(255) not null, picture varchar(255), role varchar(255) not null, primary key (id)) engine=InnoDB
2021-09-06 23:27:18.410  INFO 4148 --- [    Test worker] o.h.t.schema.internal.SchemaCreatorImpl  : HHH000476: Executing import script 'org.hibernate.tool.schema.internal.exec.ScriptSourceInputNonExistentImpl@39934fe0'
2021-09-06 23:27:18.410  INFO 4148 --- [    Test worker] j.LocalContainerEntityManagerFactoryBean : Initialized JPA EntityManagerFactory for persistence unit 'default'
2021-09-06 23:27:18.845  INFO 4148 --- [    Test worker] o.h.h.i.QueryTranslatorFactoryInitiator  : HHH000397: Using ASTQueryTranslatorFactory
2021-09-06 23:27:19.069  INFO 4148 --- [    Test worker] o.s.s.web.DefaultSecurityFilterChain     : Creating filter chain: any request, [org.springframework.security.web.context.request.async.WebAsyncManagerIntegrationFilter@486545a3, org.springframework.security.web.context.SecurityContextPersistenceFilter@55e456b4, org.springframework.security.web.header.HeaderWriterFilter@3ea94307, org.springframework.security.web.authentication.logout.LogoutFilter@74dc8d01, org.springframework.security.oauth2.client.web.OAuth2AuthorizationRequestRedirectFilter@35ef9283, org.springframework.security.oauth2.client.web.OAuth2LoginAuthenticationFilter@53f357a1, org.springframework.security.web.authentication.ui.DefaultLoginPageGeneratingFilter@3fa2a3c, org.springframework.security.web.authentication.ui.DefaultLogoutPageGeneratingFilter@bbc1f7d, org.springframework.security.web.savedrequest.RequestCacheAwareFilter@1e1234ac, org.springframework.security.web.servletapi.SecurityContextHolderAwareRequestFilter@6a57fd12, org.springframework.security.web.authentication.AnonymousAuthenticationFilter@428eef03, org.springframework.security.web.session.SessionManagementFilter@77b3deea, org.springframework.security.web.access.ExceptionTranslationFilter@79565d71, org.springframework.security.web.access.intercept.FilterSecurityInterceptor@7316018b]
2021-09-06 23:27:19.314  INFO 4148 --- [    Test worker] o.s.s.concurrent.ThreadPoolTaskExecutor  : Initializing ExecutorService 'applicationTaskExecutor'
2021-09-06 23:27:19.330  WARN 4148 --- [    Test worker] aWebConfiguration$JpaWebMvcConfiguration : spring.jpa.open-in-view is enabled by default. Therefore, database queries may be performed during view rendering. Explicitly configure spring.jpa.open-in-view to disable this warning
2021-09-06 23:27:19.364  INFO 4148 --- [    Test worker] o.s.b.a.w.s.WelcomePageHandlerMapping    : Adding welcome page template: index
2021-09-06 23:27:19.745  INFO 4148 --- [    Test worker] s.a.ScheduledAnnotationBeanPostProcessor : No TaskScheduler/ScheduledExecutorService bean found for scheduled processing
2021-09-06 23:27:19.771  INFO 4148 --- [    Test worker] o.s.b.w.embedded.tomcat.TomcatWebServer  : Tomcat started on port(s): 11396 (http) with context path ''
2021-09-06 23:27:19.771  INFO 4148 --- [    Test worker] c.j.b.s.web.IndexControllerTest          : Started IndexControllerTest in 2.835 seconds (JVM running for 13.281)
2021-09-06 23:27:19.888  INFO 4148 --- [o-auto-1-exec-1] o.a.c.c.C.[Tomcat].[localhost].[/]       : Initializing Spring DispatcherServlet 'dispatcherServlet'
2021-09-06 23:27:19.888  INFO 4148 --- [o-auto-1-exec-1] o.s.web.servlet.DispatcherServlet        : Initializing Servlet 'dispatcherServlet'
2021-09-06 23:27:19.914  INFO 4148 --- [o-auto-1-exec-1] o.s.web.servlet.DispatcherServlet        : Completed initialization in 26 ms
Hibernate: select posts0_.id as id1_0_, posts0_.created_date as created_2_0_, posts0_.modified_date as modified3_0_, posts0_.author as author4_0_, posts0_.content as content5_0_, posts0_.title as title6_0_ from posts posts0_ order by posts0_.id DESC
]]></system-out>
  <system-err><![CDATA[]]></system-err>
</testsuite>
